<?xml version="1.0" encoding="UTF-8"?>
<testng-results ignored="0" total="2" passed="2" failed="0" skipped="0">
  <reporter-output>
  </reporter-output>
  <suite started-at="2021-09-02T10:55:10 IST" name="Suite" finished-at="2021-09-02T10:55:43 IST" duration-ms="33355">
    <groups>
    </groups>
    <test started-at="2021-09-02T10:55:10 IST" name="Test" finished-at="2021-09-02T10:55:43 IST" duration-ms="33355">
      <class name="TestCases.Logintestcase">
        <test-method signature="LogintoApplication(java.lang.String,java.lang.String)[pri:0, instance:TestCases.Logintestcase@1460a8c0]" started-at="2021-09-02T10:55:10 IST" name="LogintoApplication" data-provider="provideLogInData" finished-at="2021-09-02T10:55:29 IST" duration-ms="18588" status="PASS">
          <params>
            <param index="0">
              <value>
                <![CDATA[standard_user]]>
              </value>
            </param>
            <param index="1">
              <value>
                <![CDATA[secret_sauce]]>
              </value>
            </param>
          </params>
          <reporter-output>
          </reporter-output>
        </test-method> <!-- LogintoApplication -->
        <test-method signature="LogintoApplication(java.lang.String,java.lang.String)[pri:0, instance:TestCases.Logintestcase@1460a8c0]" started-at="2021-09-02T10:55:29 IST" name="LogintoApplication" data-provider="provideLogInData" finished-at="2021-09-02T10:55:43 IST" duration-ms="14683" status="PASS">
          <params>
            <param index="0">
              <value>
                <![CDATA[performance_glitch_user]]>
              </value>
            </param>
            <param index="1">
              <value>
                <![CDATA[secret_sauce]]>
              </value>
            </param>
          </params>
          <reporter-output>
          </reporter-output>
        </test-method> <!-- LogintoApplication -->
      </class> <!-- TestCases.Logintestcase -->
    </test> <!-- Test -->
  </suite> <!-- Suite -->
</testng-results>
