<?xml version="1.0" encoding="UTF-8"?>
<!-- Generated by org.testng.reporters.JUnitXMLReporter -->
<testsuite ignored="0" hostname="MariyaJohnson" failures="1" tests="1" name="Test" time="0.074" errors="0" timestamp="2021-08-25T16:04:57 IST">
  <testcase classname="demosauce.LoginTestCase" name="navigationfrombase" time="0.0">
    <failure type="org.testng.TestNGException" message="
Cannot inject @Test annotated Method [navigationfrombase] with [class java.lang.String, class java.lang.String].
For more information on native dependency injection please refer to https://testng.org/doc/documentation-main.html#native-dependency-injection">
      <![CDATA[org.testng.TestNGException: 
Cannot inject @Test annotated Method [navigationfrombase] with [class java.lang.String, class java.lang.String].
For more information on native dependency injection please refer to https://testng.org/doc/documentation-main.html#native-dependency-injection
at java.base/java.util.ArrayList.forEach(ArrayList.java:1511)
... Removed 26 stack frames]]>
    </failure>
  </testcase> <!-- navigationfrombase -->
</testsuite> <!-- Test -->
