<?xml version="1.0" encoding="UTF-8"?>
<testng-results ignored="0" total="2" passed="2" failed="0" skipped="0">
  <reporter-output>
  </reporter-output>
  <suite started-at="2021-09-01T19:47:18 IST" name="Default suite" finished-at="2021-09-01T19:48:21 IST" duration-ms="62778">
    <groups>
    </groups>
    <test started-at="2021-09-01T19:47:18 IST" name="Default test" finished-at="2021-09-01T19:48:21 IST" duration-ms="62778">
      <class name="TestCases.Logintestcase">
        <test-method signature="LogintoApplication(java.lang.String,java.lang.String)[pri:0, instance:TestCases.Logintestcase@57af006c]" started-at="2021-09-01T19:47:19 IST" name="LogintoApplication" data-provider="provideLogInData" finished-at="2021-09-01T19:47:59 IST" duration-ms="39775" status="PASS">
          <params>
            <param index="0">
              <value>
                <![CDATA[standard_user]]>
              </value>
            </param>
            <param index="1">
              <value>
                <![CDATA[secret_sauce]]>
              </value>
            </param>
          </params>
          <reporter-output>
          </reporter-output>
        </test-method> <!-- LogintoApplication -->
        <test-method signature="LogintoApplication(java.lang.String,java.lang.String)[pri:0, instance:TestCases.Logintestcase@57af006c]" started-at="2021-09-01T19:47:59 IST" name="LogintoApplication" data-provider="provideLogInData" finished-at="2021-09-01T19:48:21 IST" duration-ms="22521" status="PASS">
          <params>
            <param index="0">
              <value>
                <![CDATA[performance_glitch_user]]>
              </value>
            </param>
            <param index="1">
              <value>
                <![CDATA[secret_sauce]]>
              </value>
            </param>
          </params>
          <reporter-output>
          </reporter-output>
        </test-method> <!-- LogintoApplication -->
      </class> <!-- TestCases.Logintestcase -->
    </test> <!-- Default test -->
  </suite> <!-- Default suite -->
</testng-results>
